<?xml version="1.0" encoding="UTF-8"?>
<testsuite xmlns:xsi="http://www.w3.org/2001/XMLSchema-instance" xsi:noNamespaceSchemaLocation="https://maven.apache.org/surefire/maven-surefire-plugin/xsd/surefire-test-report-3.0.xsd" version="3.0" name="se233.contra.model.SoldierMovementTest" time="0.007" tests="8" errors="0" skipped="0" failures="0">
  <properties>
[...]
</properties>
  <testcase name="testMultipleSoldiersMovementIndependently" classname="se233.contra.model.SoldierMovementTest" time="0.002">
    <system-out><![CDATA[11:35:39.820 [main] WARN  se233.contra.view.SpriteLoader - SpriteLoader already initialized
11:35:39.820 [main] DEBUG se233.contra.model.Soldier - Soldier spawned at (300.0, 618.0) - ground at 650.0
11:35:39.820 [main] DEBUG se233.contra.model.Soldier - Soldier spawned at (100.0, 618.0) - ground at 650.0
11:35:39.820 [main] DEBUG se233.contra.model.Soldier - Soldier spawned at (200.0, 618.0) - ground at 650.0
11:35:39.821 [main] DEBUG se233.contra.model.Bullet - Bullet created at (118.0, 634.0) direction: Vector2D(1.00, 0.00) player: false
11:35:39.821 [main] DEBUG se233.contra.model.Bullet - Bullet created at (218.0, 634.0) direction: Vector2D(1.00, 0.00) player: false
]]></system-out>
  </testcase>
  <testcase name="testSoldierFacingDirection" classname="se233.contra.model.SoldierMovementTest" time="0.001">
    <system-out><![CDATA[11:35:39.821 [main] WARN  se233.contra.view.SpriteLoader - SpriteLoader already initialized
11:35:39.821 [main] DEBUG se233.contra.model.Soldier - Soldier spawned at (300.0, 618.0) - ground at 650.0
11:35:39.822 [main] DEBUG se233.contra.model.Bullet - Bullet created at (292.0, 634.0) direction: Vector2D(-1.00, 0.00) player: false
]]></system-out>
  </testcase>
  <testcase name="testSoldierStopsWhenShooting" classname="se233.contra.model.SoldierMovementTest" time="0.0">
    <system-out><![CDATA[11:35:39.822 [main] WARN  se233.contra.view.SpriteLoader - SpriteLoader already initialized
11:35:39.822 [main] DEBUG se233.contra.model.Soldier - Soldier spawned at (300.0, 618.0) - ground at 650.0
11:35:39.822 [main] DEBUG se233.contra.model.Bullet - Bullet created at (306.74431432968356, 634.0) direction: Vector2D(-1.00, 0.00) player: false
]]></system-out>
  </testcase>
  <testcase name="testSoldierDeactivationOffScreen" classname="se233.contra.model.SoldierMovementTest" time="0.0">
    <system-out><![CDATA[11:35:39.823 [main] WARN  se233.contra.view.SpriteLoader - SpriteLoader already initialized
11:35:39.823 [main] DEBUG se233.contra.model.Soldier - Soldier spawned at (300.0, 618.0) - ground at 650.0
]]></system-out>
  </testcase>
  <testcase name="testSoldierInitialPosition" classname="se233.contra.model.SoldierMovementTest" time="0.0">
    <system-out><![CDATA[11:35:39.824 [main] WARN  se233.contra.view.SpriteLoader - SpriteLoader already initialized
11:35:39.824 [main] DEBUG se233.contra.model.Soldier - Soldier spawned at (300.0, 618.0) - ground at 650.0
]]></system-out>
  </testcase>
  <testcase name="testSoldierDeathStopsMovement" classname="se233.contra.model.SoldierMovementTest" time="0.001">
    <system-out><![CDATA[11:35:39.824 [main] WARN  se233.contra.view.SpriteLoader - SpriteLoader already initialized
11:35:39.824 [main] DEBUG se233.contra.model.Soldier - Soldier spawned at (300.0, 618.0) - ground at 650.0
11:35:39.824 [main] DEBUG se233.contra.model.Soldier - Soldier killed at (300.0, 618.0)
]]></system-out>
  </testcase>
  <testcase name="testSoldierMovement" classname="se233.contra.model.SoldierMovementTest" time="0.0">
    <system-out><![CDATA[11:35:39.825 [main] WARN  se233.contra.view.SpriteLoader - SpriteLoader already initialized
11:35:39.825 [main] DEBUG se233.contra.model.Soldier - Soldier spawned at (300.0, 618.0) - ground at 650.0
]]></system-out>
  </testcase>
  <testcase name="testSoldierPatrolBehavior" classname="se233.contra.model.SoldierMovementTest" time="0.001">
    <system-out><![CDATA[11:35:39.825 [main] WARN  se233.contra.view.SpriteLoader - SpriteLoader already initialized
11:35:39.826 [main] DEBUG se233.contra.model.Soldier - Soldier spawned at (300.0, 618.0) - ground at 650.0
11:35:39.826 [main] DEBUG se233.contra.model.Bullet - Bullet created at (224.80977716526215, 634.0) direction: Vector2D(-1.00, 0.00) player: false
11:35:39.826 [main] DEBUG se233.contra.model.Bullet - Bullet created at (116.42933149578644, 634.0) direction: Vector2D(1.00, 0.00) player: false
]]></system-out>
  </testcase>
</testsuite>